2023-09-28 13:38:06 INFO  Tcarts_FPO:43 - URL
2023-09-28 13:38:08 INFO  Tcarts_FPO:59 - Login
2023-09-28 13:38:10 INFO  Tcarts_FPO:76 - Dashboard
2023-09-28 13:38:21 INFO  Tcarts_FPO:108 - Sales
2023-09-28 13:38:23 INFO  Tcarts_FPO:118 - Receipt List
2023-09-28 13:38:26 INFO  Tcarts_FPO:128 - Payment Pending
2023-09-28 13:38:28 INFO  Tcarts_FPO:136 - In Progress
2023-09-28 13:38:30 INFO  Tcarts_FPO:144 - Failed
2023-09-28 13:38:56 INFO  Tcarts_FPO:191 - Cancelled
2023-09-28 13:39:22 INFO  Tcarts_FPO:238 - Paid
2023-09-28 13:39:47 INFO  Tcarts_FPO:285 - All
2023-09-28 13:40:00 INFO  Tcarts_FPO:314 - App Feedback
2023-09-28 13:40:12 INFO  Tcarts_FPO:347 - Logout
2023-09-28 13:47:16 INFO  Tcarts_FPO:43 - URL
2023-09-28 13:47:18 INFO  Tcarts_FPO:59 - Login
2023-09-28 13:47:20 INFO  Tcarts_FPO:76 - Dashboard
2023-09-28 13:47:32 INFO  Tcarts_FPO:108 - Sales
2023-09-28 13:47:33 INFO  Tcarts_FPO:118 - Receipt List
2023-09-28 13:47:36 INFO  Tcarts_FPO:128 - Payment Pending
2023-09-28 13:47:38 INFO  Tcarts_FPO:136 - In Progress
2023-09-28 13:47:41 INFO  Tcarts_FPO:144 - Failed
2023-09-28 13:48:07 INFO  Tcarts_FPO:191 - Cancelled
2023-09-28 13:48:33 INFO  Tcarts_FPO:238 - Paid
2023-09-28 13:48:58 INFO  Tcarts_FPO:285 - All
2023-09-28 13:49:11 INFO  Tcarts_FPO:314 - App Feedback
2023-09-28 13:49:23 INFO  Tcarts_FPO:347 - Logout
2023-09-28 13:50:47 INFO  Tcarts_FPO:43 - URL
2023-09-28 13:50:48 INFO  Tcarts_FPO:59 - Login
2023-09-28 13:50:50 INFO  Tcarts_FPO:76 - Dashboard
2023-09-28 13:51:02 INFO  Tcarts_FPO:108 - Sales
2023-09-28 13:51:04 INFO  Tcarts_FPO:118 - Receipt List
2023-09-28 13:51:07 INFO  Tcarts_FPO:128 - Payment Pending
2023-09-28 13:51:09 INFO  Tcarts_FPO:136 - In Progress
2023-09-28 13:51:11 INFO  Tcarts_FPO:144 - Failed
2023-09-28 13:51:37 INFO  Tcarts_FPO:191 - Cancelled
2023-09-28 13:52:03 INFO  Tcarts_FPO:238 - Paid
2023-09-28 13:52:28 INFO  Tcarts_FPO:285 - All
2023-09-28 13:52:41 INFO  Tcarts_FPO:314 - App Feedback
2023-09-28 13:52:53 INFO  Tcarts_FPO:347 - Logout
